[0.014s] Invoking command in '/home/tariq/ros2_ws2/build/mecanum_bot': CMAKE_PREFIX_PATH=${CMAKE_PREFIX_PATH}:/home/tariq/ros2_ws/install/my_first_contr:/opt/ros/humble /usr/bin/cmake --build /home/tariq/ros2_ws2/build/mecanum_bot -- -j20 -l20
[0.044s] -- Found ament_cmake: 1.3.8 (/opt/ros/humble/share/ament_cmake/cmake)
[0.173s] -- Found ament_lint_auto: 0.12.10 (/opt/ros/humble/share/ament_lint_auto/cmake)
[0.240s] -- Added test 'flake8' to check Python code syntax and style conventions
[0.240s] -- Added test 'lint_cmake' to check CMake code style
[0.240s] -- Added test 'pep257' to check Python code against some of the docstring style conventions in PEP 257
[0.241s] -- Added test 'xmllint' to check XML markup files
[0.242s] -- Configuring done
[0.246s] -- Generating done
[0.246s] -- Build files have been written to: /home/tariq/ros2_ws2/build/mecanum_bot
[0.264s] Invoked command in '/home/tariq/ros2_ws2/build/mecanum_bot' returned '0': CMAKE_PREFIX_PATH=${CMAKE_PREFIX_PATH}:/home/tariq/ros2_ws/install/my_first_contr:/opt/ros/humble /usr/bin/cmake --build /home/tariq/ros2_ws2/build/mecanum_bot -- -j20 -l20
[0.291s] Invoking command in '/home/tariq/ros2_ws2/build/mecanum_bot': CMAKE_PREFIX_PATH=${CMAKE_PREFIX_PATH}:/home/tariq/ros2_ws/install/my_first_contr:/opt/ros/humble /usr/bin/cmake --install /home/tariq/ros2_ws2/build/mecanum_bot
[0.298s] -- Install configuration: ""
[0.298s] -- Up-to-date: /home/tariq/ros2_ws2/install/mecanum_bot/share/mecanum_bot/launch
[0.298s] -- Up-to-date: /home/tariq/ros2_ws2/install/mecanum_bot/share/mecanum_bot/launch/display.launch.py
[0.298s] -- Up-to-date: /home/tariq/ros2_ws2/install/mecanum_bot/share/mecanum_bot/urdf
[0.298s] -- Up-to-date: /home/tariq/ros2_ws2/install/mecanum_bot/share/mecanum_bot/urdf/mecanum_bot.urdf
[0.298s] -- Installing: /home/tariq/ros2_ws2/install/mecanum_bot/lib/mecanum_bot
[0.298s] -- Installing: /home/tariq/ros2_ws2/install/mecanum_bot/lib/mecanum_bot/move_robot.py
[0.298s] -- Up-to-date: /home/tariq/ros2_ws2/install/mecanum_bot/share/ament_index/resource_index/package_run_dependencies/mecanum_bot
[0.298s] -- Up-to-date: /home/tariq/ros2_ws2/install/mecanum_bot/share/ament_index/resource_index/parent_prefix_path/mecanum_bot
[0.299s] -- Up-to-date: /home/tariq/ros2_ws2/install/mecanum_bot/share/mecanum_bot/environment/ament_prefix_path.sh
[0.299s] -- Installing: /home/tariq/ros2_ws2/install/mecanum_bot/share/mecanum_bot/environment/ament_prefix_path.dsv
[0.299s] -- Up-to-date: /home/tariq/ros2_ws2/install/mecanum_bot/share/mecanum_bot/environment/path.sh
[0.299s] -- Installing: /home/tariq/ros2_ws2/install/mecanum_bot/share/mecanum_bot/environment/path.dsv
[0.299s] -- Up-to-date: /home/tariq/ros2_ws2/install/mecanum_bot/share/mecanum_bot/local_setup.bash
[0.299s] -- Up-to-date: /home/tariq/ros2_ws2/install/mecanum_bot/share/mecanum_bot/local_setup.sh
[0.299s] -- Up-to-date: /home/tariq/ros2_ws2/install/mecanum_bot/share/mecanum_bot/local_setup.zsh
[0.299s] -- Installing: /home/tariq/ros2_ws2/install/mecanum_bot/share/mecanum_bot/local_setup.dsv
[0.299s] -- Installing: /home/tariq/ros2_ws2/install/mecanum_bot/share/mecanum_bot/package.dsv
[0.299s] -- Up-to-date: /home/tariq/ros2_ws2/install/mecanum_bot/share/ament_index/resource_index/packages/mecanum_bot
[0.299s] -- Up-to-date: /home/tariq/ros2_ws2/install/mecanum_bot/share/mecanum_bot/cmake/mecanum_botConfig.cmake
[0.299s] -- Up-to-date: /home/tariq/ros2_ws2/install/mecanum_bot/share/mecanum_bot/cmake/mecanum_botConfig-version.cmake
[0.299s] -- Up-to-date: /home/tariq/ros2_ws2/install/mecanum_bot/share/mecanum_bot/package.xml
[0.301s] Invoked command in '/home/tariq/ros2_ws2/build/mecanum_bot' returned '0': CMAKE_PREFIX_PATH=${CMAKE_PREFIX_PATH}:/home/tariq/ros2_ws/install/my_first_contr:/opt/ros/humble /usr/bin/cmake --install /home/tariq/ros2_ws2/build/mecanum_bot
