-- Install configuration: ""
-- Up-to-date: /home/tariq/ros2_ws2/install/mecanum_bot/share/mecanum_bot/launch
-- Up-to-date: /home/tariq/ros2_ws2/install/mecanum_bot/share/mecanum_bot/launch/display.launch.py
-- Up-to-date: /home/tariq/ros2_ws2/install/mecanum_bot/share/mecanum_bot/urdf
-- Up-to-date: /home/tariq/ros2_ws2/install/mecanum_bot/share/mecanum_bot/urdf/mecanum_bot.urdf
-- Installing: /home/tariq/ros2_ws2/install/mecanum_bot/lib/mecanum_bot/move_robot.py
-- Up-to-date: /home/tariq/ros2_ws2/install/mecanum_bot/share/ament_index/resource_index/package_run_dependencies/mecanum_bot
-- Up-to-date: /home/tariq/ros2_ws2/install/mecanum_bot/share/ament_index/resource_index/parent_prefix_path/mecanum_bot
-- Up-to-date: /home/tariq/ros2_ws2/install/mecanum_bot/share/mecanum_bot/environment/ament_prefix_path.sh
-- Up-to-date: /home/tariq/ros2_ws2/install/mecanum_bot/share/mecanum_bot/environment/ament_prefix_path.dsv
-- Up-to-date: /home/tariq/ros2_ws2/install/mecanum_bot/share/mecanum_bot/environment/path.sh
-- Up-to-date: /home/tariq/ros2_ws2/install/mecanum_bot/share/mecanum_bot/environment/path.dsv
-- Up-to-date: /home/tariq/ros2_ws2/install/mecanum_bot/share/mecanum_bot/local_setup.bash
-- Up-to-date: /home/tariq/ros2_ws2/install/mecanum_bot/share/mecanum_bot/local_setup.sh
-- Up-to-date: /home/tariq/ros2_ws2/install/mecanum_bot/share/mecanum_bot/local_setup.zsh
-- Up-to-date: /home/tariq/ros2_ws2/install/mecanum_bot/share/mecanum_bot/local_setup.dsv
-- Installing: /home/tariq/ros2_ws2/install/mecanum_bot/share/mecanum_bot/package.dsv
-- Up-to-date: /home/tariq/ros2_ws2/install/mecanum_bot/share/ament_index/resource_index/packages/mecanum_bot
-- Up-to-date: /home/tariq/ros2_ws2/install/mecanum_bot/share/mecanum_bot/cmake/mecanum_botConfig.cmake
-- Up-to-date: /home/tariq/ros2_ws2/install/mecanum_bot/share/mecanum_bot/cmake/mecanum_botConfig-version.cmake
-- Up-to-date: /home/tariq/ros2_ws2/install/mecanum_bot/share/mecanum_bot/package.xml
